14:41:08.667 INFO [main] org.lenskit.cli.Main: Starting LensKit 3.0-M1 on Java 1.8.0_111 from Oracle Corporation
14:41:08.735 DEBUG [main] org.lenskit.LenskitInfo: have 5573 active revisions
14:41:08.751 DEBUG [main] org.lenskit.cli.Main: Built from Git revision c0210fa3281ef8b15b0959bcd5fced43c5fec38a
14:41:08.751 DEBUG [main] org.lenskit.cli.Main: Using VM 'Java HotSpot(TM) 64-Bit Server VM' version 25.111-b14 from Oracle Corporation
14:41:08.751 INFO [main] org.lenskit.cli.Main: Have 4 processors and heap limit of 1696 MiB
14:41:08.797 INFO [main] org.lenskit.cli.util.RecommenderLoader: creating fresh recommender
14:41:09.444 INFO [main] org.lenskit.config.ConfigurationLoader: loading script from file:/C:/Users/Nivetha/Desktop/Akash/ii-assignment/etc/item-item.groovy
14:41:10.614 DEBUG [main] org.lenskit.data.dao.file.TextEntitySource: loading source ratings with base URI file:/C:/Users/Nivetha/Desktop/Akash/ii-assignment/data/movielens.yml
14:41:10.614 DEBUG [main] org.lenskit.data.dao.file.TextEntitySource: resolved file URI: file:/C:/Users/Nivetha/Desktop/Akash/ii-assignment/data/ratings.csv
14:41:10.643 INFO [main] org.lenskit.data.dao.file.TextEntitySource: loading text file source ratings to read from file:/C:/Users/Nivetha/Desktop/Akash/ii-assignment/data/ratings.csv
14:41:10.653 DEBUG [main] org.lenskit.data.dao.file.TextEntitySource: ratings: using delimiter ,
14:41:10.657 DEBUG [main] org.lenskit.data.dao.file.TextEntitySource: ratings: reading header
14:41:10.657 DEBUG [main] org.lenskit.data.dao.file.TextEntitySource: ratings: reading entities of type EntityType[rating]
14:41:10.758 DEBUG [main] org.lenskit.data.dao.file.TextEntitySource: class org.lenskit.data.ratings.RatingBuilder: using entity builder {}
14:41:10.758 DEBUG [main] org.lenskit.data.dao.file.TextEntitySource: loading source movies with base URI file:/C:/Users/Nivetha/Desktop/Akash/ii-assignment/data/movielens.yml
14:41:10.758 DEBUG [main] org.lenskit.data.dao.file.TextEntitySource: resolved file URI: file:/C:/Users/Nivetha/Desktop/Akash/ii-assignment/data/movies.csv
14:41:10.758 INFO [main] org.lenskit.data.dao.file.TextEntitySource: loading text file source movies to read from file:/C:/Users/Nivetha/Desktop/Akash/ii-assignment/data/movies.csv
14:41:10.758 DEBUG [main] org.lenskit.data.dao.file.TextEntitySource: movies: using delimiter ,
14:41:10.758 DEBUG [main] org.lenskit.data.dao.file.TextEntitySource: movies: reading header
14:41:10.758 DEBUG [main] org.lenskit.data.dao.file.TextEntitySource: movies: reading entities of type EntityType[item]
14:41:10.758 DEBUG [main] org.lenskit.data.dao.file.TextEntitySource: class org.lenskit.data.entities.BasicEntityBuilder: using entity builder {}
14:41:10.762 DEBUG [main] org.lenskit.data.dao.file.TextEntitySource: loading source tags with base URI file:/C:/Users/Nivetha/Desktop/Akash/ii-assignment/data/movielens.yml
14:41:10.762 DEBUG [main] org.lenskit.data.dao.file.TextEntitySource: resolved file URI: file:/C:/Users/Nivetha/Desktop/Akash/ii-assignment/data/tags.csv
14:41:10.762 INFO [main] org.lenskit.data.dao.file.TextEntitySource: loading text file source tags to read from file:/C:/Users/Nivetha/Desktop/Akash/ii-assignment/data/tags.csv
14:41:10.762 DEBUG [main] org.lenskit.data.dao.file.TextEntitySource: tags: using delimiter ,
14:41:10.762 DEBUG [main] org.lenskit.data.dao.file.TextEntitySource: tags: reading header
14:41:10.762 DEBUG [main] org.lenskit.data.dao.file.TextEntitySource: tags: reading entities of type EntityType[item-tag]
14:41:10.762 DEBUG [main] org.lenskit.data.dao.file.TextEntitySource: class org.lenskit.data.entities.BasicEntityBuilder: using entity builder {}
14:41:10.782 DEBUG [main] org.lenskit.LenskitRecommenderEngineBuilder: building graph from 3 configurations
14:41:10.960 DEBUG [main] org.lenskit.inject.RecommenderInstantiator: replacing nodes in graph with 13 nodes
14:41:10.976 DEBUG [main] org.lenskit.inject.RecommenderInstantiator: found 2 shared nodes
14:41:13.412 INFO [main] org.lenskit.data.dao.file.StaticDataSource: deriving entity type EntityType[user] from EntityType[rating] (column TypedName[user: long])
14:41:13.561 INFO [main] org.lenskit.data.dao.file.StaticDataSource: deriving entity type EntityType[item] from EntityType[rating] (column TypedName[item: long])
14:41:13.626 DEBUG [main] org.lenskit.data.entities.EntityCollectionBuilder: built collection of 2500 entities with type EntityType[item] and 2 indexes
14:41:13.678 DEBUG [main] org.lenskit.data.entities.EntityCollectionBuilder: built collection of 264505 entities with type EntityType[rating] and 2 indexes
14:41:13.702 DEBUG [main] org.lenskit.data.entities.EntityCollectionBuilder: built collection of 94875 entities with type EntityType[item-tag] and 2 indexes
14:41:13.703 DEBUG [main] org.lenskit.data.entities.EntityCollectionBuilder: built collection of 862 entities with type EntityType[user] and 2 indexes
14:41:46.407 DEBUG [main] org.lenskit.inject.RecommenderInstantiator: final graph has 13 nodes
14:41:46.423 INFO [main] org.lenskit.cli.util.RecommenderLoader: built recommender in 35.64 s
14:41:46.438 INFO [main] org.lenskit.cli.commands.Predict: predicting 4 items
14:41:46.485 INFO [main] org.lenskit.cli.commands.Predict: predicted for 4 items in 45.57 ms
14:41:46.486 INFO [main] org.lenskit.cli.Main: If you use LensKit in published research, please see http://lenskit.org/research/
