14:41:48.233 INFO [main] org.lenskit.cli.Main: Starting LensKit 3.0-M1 on Java 1.8.0_111 from Oracle Corporation
14:41:48.314 DEBUG [main] org.lenskit.LenskitInfo: have 5573 active revisions
14:41:48.341 DEBUG [main] org.lenskit.cli.Main: Built from Git revision c0210fa3281ef8b15b0959bcd5fced43c5fec38a
14:41:48.343 DEBUG [main] org.lenskit.cli.Main: Using VM 'Java HotSpot(TM) 64-Bit Server VM' version 25.111-b14 from Oracle Corporation
14:41:48.343 INFO [main] org.lenskit.cli.Main: Have 4 processors and heap limit of 1696 MiB
14:41:48.387 INFO [main] org.lenskit.cli.util.RecommenderLoader: creating fresh recommender
14:41:49.302 INFO [main] org.lenskit.config.ConfigurationLoader: loading script from file:/C:/Users/Nivetha/Desktop/Akash/ii-assignment/etc/item-item.groovy
14:41:50.843 DEBUG [main] org.lenskit.data.dao.file.TextEntitySource: loading source ratings with base URI file:/C:/Users/Nivetha/Desktop/Akash/ii-assignment/data/movielens.yml
14:41:50.844 DEBUG [main] org.lenskit.data.dao.file.TextEntitySource: resolved file URI: file:/C:/Users/Nivetha/Desktop/Akash/ii-assignment/data/ratings.csv
14:41:50.877 INFO [main] org.lenskit.data.dao.file.TextEntitySource: loading text file source ratings to read from file:/C:/Users/Nivetha/Desktop/Akash/ii-assignment/data/ratings.csv
14:41:50.895 DEBUG [main] org.lenskit.data.dao.file.TextEntitySource: ratings: using delimiter ,
14:41:50.896 DEBUG [main] org.lenskit.data.dao.file.TextEntitySource: ratings: reading header
14:41:50.896 DEBUG [main] org.lenskit.data.dao.file.TextEntitySource: ratings: reading entities of type EntityType[rating]
14:41:51.013 DEBUG [main] org.lenskit.data.dao.file.TextEntitySource: class org.lenskit.data.ratings.RatingBuilder: using entity builder {}
14:41:51.013 DEBUG [main] org.lenskit.data.dao.file.TextEntitySource: loading source movies with base URI file:/C:/Users/Nivetha/Desktop/Akash/ii-assignment/data/movielens.yml
14:41:51.013 DEBUG [main] org.lenskit.data.dao.file.TextEntitySource: resolved file URI: file:/C:/Users/Nivetha/Desktop/Akash/ii-assignment/data/movies.csv
14:41:51.014 INFO [main] org.lenskit.data.dao.file.TextEntitySource: loading text file source movies to read from file:/C:/Users/Nivetha/Desktop/Akash/ii-assignment/data/movies.csv
14:41:51.015 DEBUG [main] org.lenskit.data.dao.file.TextEntitySource: movies: using delimiter ,
14:41:51.015 DEBUG [main] org.lenskit.data.dao.file.TextEntitySource: movies: reading header
14:41:51.015 DEBUG [main] org.lenskit.data.dao.file.TextEntitySource: movies: reading entities of type EntityType[item]
14:41:51.016 DEBUG [main] org.lenskit.data.dao.file.TextEntitySource: class org.lenskit.data.entities.BasicEntityBuilder: using entity builder {}
14:41:51.017 DEBUG [main] org.lenskit.data.dao.file.TextEntitySource: loading source tags with base URI file:/C:/Users/Nivetha/Desktop/Akash/ii-assignment/data/movielens.yml
14:41:51.018 DEBUG [main] org.lenskit.data.dao.file.TextEntitySource: resolved file URI: file:/C:/Users/Nivetha/Desktop/Akash/ii-assignment/data/tags.csv
14:41:51.018 INFO [main] org.lenskit.data.dao.file.TextEntitySource: loading text file source tags to read from file:/C:/Users/Nivetha/Desktop/Akash/ii-assignment/data/tags.csv
14:41:51.020 DEBUG [main] org.lenskit.data.dao.file.TextEntitySource: tags: using delimiter ,
14:41:51.021 DEBUG [main] org.lenskit.data.dao.file.TextEntitySource: tags: reading header
14:41:51.022 DEBUG [main] org.lenskit.data.dao.file.TextEntitySource: tags: reading entities of type EntityType[item-tag]
14:41:51.023 DEBUG [main] org.lenskit.data.dao.file.TextEntitySource: class org.lenskit.data.entities.BasicEntityBuilder: using entity builder {}
14:41:51.041 DEBUG [main] org.lenskit.LenskitRecommenderEngineBuilder: building graph from 3 configurations
14:41:51.271 DEBUG [main] org.lenskit.inject.RecommenderInstantiator: replacing nodes in graph with 13 nodes
14:41:51.291 DEBUG [main] org.lenskit.inject.RecommenderInstantiator: found 2 shared nodes
14:41:53.581 INFO [main] org.lenskit.data.dao.file.StaticDataSource: deriving entity type EntityType[user] from EntityType[rating] (column TypedName[user: long])
14:41:53.746 INFO [main] org.lenskit.data.dao.file.StaticDataSource: deriving entity type EntityType[item] from EntityType[rating] (column TypedName[item: long])
14:41:53.806 DEBUG [main] org.lenskit.data.entities.EntityCollectionBuilder: built collection of 2500 entities with type EntityType[item] and 2 indexes
14:41:53.887 DEBUG [main] org.lenskit.data.entities.EntityCollectionBuilder: built collection of 264505 entities with type EntityType[rating] and 2 indexes
14:41:53.922 DEBUG [main] org.lenskit.data.entities.EntityCollectionBuilder: built collection of 94875 entities with type EntityType[item-tag] and 2 indexes
14:41:53.922 DEBUG [main] org.lenskit.data.entities.EntityCollectionBuilder: built collection of 862 entities with type EntityType[user] and 2 indexes
14:42:28.090 DEBUG [main] org.lenskit.inject.RecommenderInstantiator: final graph has 13 nodes
14:42:28.090 INFO [main] org.lenskit.cli.util.RecommenderLoader: built recommender in 37.06 s
14:42:28.121 INFO [main] org.lenskit.cli.commands.Recommend: recommending for 1 users
14:42:28.162 DEBUG [main] org.lenskit.basic.TopNItemRecommender: computing effective candidates for user 320 from 2500 candidates and 62 excluded items
14:42:28.166 DEBUG [main] org.lenskit.basic.TopNItemRecommender: Computing 10 recommendations for user 320 from 2438 candidates
14:42:29.978 INFO [main] org.lenskit.cli.commands.Recommend: recommended for 1 users in 1.863 s
14:42:29.978 INFO [main] org.lenskit.cli.Main: If you use LensKit in published research, please see http://lenskit.org/research/
