14:14:54.089 INFO [main] org.lenskit.cli.Main: Starting LensKit 3.0-M1 on Java 1.8.0_144 from Oracle Corporation
14:14:54.116 DEBUG [main] org.lenskit.LenskitInfo: have 5573 active revisions
14:14:54.121 DEBUG [main] org.lenskit.cli.Main: Built from Git revision c0210fa3281ef8b15b0959bcd5fced43c5fec38a
14:14:54.121 DEBUG [main] org.lenskit.cli.Main: Using VM 'Java HotSpot(TM) 64-Bit Server VM' version 25.144-b01 from Oracle Corporation
14:14:54.122 INFO [main] org.lenskit.cli.Main: Have 4 processors and heap limit of 3641 MiB
14:14:54.134 INFO [main] org.lenskit.cli.util.RecommenderLoader: creating fresh recommender
14:14:54.367 INFO [main] org.lenskit.config.ConfigurationLoader: loading script from file:/Users/ritiztambi/Downloads/uu-assignment/etc/user-user.groovy
14:14:54.762 DEBUG [main] org.lenskit.data.dao.file.TextEntitySource: loading source ratings with base URI file:/Users/ritiztambi/Downloads/uu-assignment/data/movielens.yml
14:14:54.762 DEBUG [main] org.lenskit.data.dao.file.TextEntitySource: resolved file URI: file:/Users/ritiztambi/Downloads/uu-assignment/data/ratings.csv
14:14:54.771 INFO [main] org.lenskit.data.dao.file.TextEntitySource: loading text file source ratings to read from file:/Users/ritiztambi/Downloads/uu-assignment/data/ratings.csv
14:14:54.779 DEBUG [main] org.lenskit.data.dao.file.TextEntitySource: ratings: using delimiter ,
14:14:54.780 DEBUG [main] org.lenskit.data.dao.file.TextEntitySource: ratings: reading header
14:14:54.780 DEBUG [main] org.lenskit.data.dao.file.TextEntitySource: ratings: reading entities of type EntityType[rating]
14:14:54.815 DEBUG [main] org.lenskit.data.dao.file.TextEntitySource: class org.lenskit.data.ratings.RatingBuilder: using entity builder {}
14:14:54.815 DEBUG [main] org.lenskit.data.dao.file.TextEntitySource: loading source movies with base URI file:/Users/ritiztambi/Downloads/uu-assignment/data/movielens.yml
14:14:54.815 DEBUG [main] org.lenskit.data.dao.file.TextEntitySource: resolved file URI: file:/Users/ritiztambi/Downloads/uu-assignment/data/movies.csv
14:14:54.816 INFO [main] org.lenskit.data.dao.file.TextEntitySource: loading text file source movies to read from file:/Users/ritiztambi/Downloads/uu-assignment/data/movies.csv
14:14:54.816 DEBUG [main] org.lenskit.data.dao.file.TextEntitySource: movies: using delimiter ,
14:14:54.816 DEBUG [main] org.lenskit.data.dao.file.TextEntitySource: movies: reading header
14:14:54.816 DEBUG [main] org.lenskit.data.dao.file.TextEntitySource: movies: reading entities of type EntityType[item]
14:14:54.816 DEBUG [main] org.lenskit.data.dao.file.TextEntitySource: class org.lenskit.data.entities.BasicEntityBuilder: using entity builder {}
14:14:54.816 DEBUG [main] org.lenskit.data.dao.file.TextEntitySource: loading source tags with base URI file:/Users/ritiztambi/Downloads/uu-assignment/data/movielens.yml
14:14:54.816 DEBUG [main] org.lenskit.data.dao.file.TextEntitySource: resolved file URI: file:/Users/ritiztambi/Downloads/uu-assignment/data/tags.csv
14:14:54.816 INFO [main] org.lenskit.data.dao.file.TextEntitySource: loading text file source tags to read from file:/Users/ritiztambi/Downloads/uu-assignment/data/tags.csv
14:14:54.816 DEBUG [main] org.lenskit.data.dao.file.TextEntitySource: tags: using delimiter ,
14:14:54.816 DEBUG [main] org.lenskit.data.dao.file.TextEntitySource: tags: reading header
14:14:54.816 DEBUG [main] org.lenskit.data.dao.file.TextEntitySource: tags: reading entities of type EntityType[item-tag]
14:14:54.816 DEBUG [main] org.lenskit.data.dao.file.TextEntitySource: class org.lenskit.data.entities.BasicEntityBuilder: using entity builder {}
14:14:54.820 DEBUG [main] org.lenskit.LenskitRecommenderEngineBuilder: building graph from 3 configurations
14:14:54.870 DEBUG [main] org.lenskit.inject.RecommenderInstantiator: replacing nodes in graph with 12 nodes
14:14:54.874 DEBUG [main] org.lenskit.inject.RecommenderInstantiator: found 3 shared nodes
14:14:54.874 DEBUG [main] org.lenskit.inject.RecommenderInstantiator: final graph has 12 nodes
14:14:54.875 INFO [main] org.lenskit.cli.util.RecommenderLoader: built recommender in 54.82 ms
14:14:56.109 INFO [main] org.lenskit.data.dao.file.StaticDataSource: deriving entity type EntityType[user] from EntityType[rating] (column TypedName[user: long])
14:14:56.189 INFO [main] org.lenskit.data.dao.file.StaticDataSource: deriving entity type EntityType[item] from EntityType[rating] (column TypedName[item: long])
14:14:56.228 DEBUG [main] org.lenskit.data.entities.EntityCollectionBuilder: built collection of 2500 entities with type EntityType[item] and 2 indexes
14:14:56.249 DEBUG [main] org.lenskit.data.entities.EntityCollectionBuilder: built collection of 264505 entities with type EntityType[rating] and 2 indexes
14:14:56.260 DEBUG [main] org.lenskit.data.entities.EntityCollectionBuilder: built collection of 94875 entities with type EntityType[item-tag] and 2 indexes
14:14:56.260 DEBUG [main] org.lenskit.data.entities.EntityCollectionBuilder: built collection of 862 entities with type EntityType[user] and 2 indexes
14:14:56.267 INFO [main] org.lenskit.cli.commands.Predict: predicting 4 items
14:14:56.528 INFO [main] org.lenskit.cli.commands.Predict: predicted for 4 items in 261.1 ms
14:14:56.529 INFO [main] org.lenskit.cli.Main: If you use LensKit in published research, please see http://lenskit.org/research/
