12:00:34.053 INFO [main] org.lenskit.cli.Main: Starting LensKit 3.0-M1 on Java 1.8.0_144 from Oracle Corporation
12:00:34.117 DEBUG [main] org.lenskit.LenskitInfo: have 5573 active revisions
12:00:34.124 DEBUG [main] org.lenskit.cli.Main: Built from Git revision c0210fa3281ef8b15b0959bcd5fced43c5fec38a
12:00:34.125 DEBUG [main] org.lenskit.cli.Main: Using VM 'Java HotSpot(TM) 64-Bit Server VM' version 25.144-b01 from Oracle Corporation
12:00:34.125 INFO [main] org.lenskit.cli.Main: Have 4 processors and heap limit of 3641 MiB
12:00:34.142 INFO [main] org.lenskit.cli.util.RecommenderLoader: creating fresh recommender
12:00:34.566 INFO [main] org.lenskit.config.ConfigurationLoader: loading script from file:/Users/ritiztambi/Downloads/uu-assignment/etc/blended.groovy
12:00:35.034 DEBUG [main] org.lenskit.data.dao.file.TextEntitySource: loading source ratings with base URI file:/Users/ritiztambi/Downloads/uu-assignment/data/movielens.yml
12:00:35.035 DEBUG [main] org.lenskit.data.dao.file.TextEntitySource: resolved file URI: file:/Users/ritiztambi/Downloads/uu-assignment/data/ratings.csv
12:00:35.043 INFO [main] org.lenskit.data.dao.file.TextEntitySource: loading text file source ratings to read from file:/Users/ritiztambi/Downloads/uu-assignment/data/ratings.csv
12:00:35.048 DEBUG [main] org.lenskit.data.dao.file.TextEntitySource: ratings: using delimiter ,
12:00:35.048 DEBUG [main] org.lenskit.data.dao.file.TextEntitySource: ratings: reading header
12:00:35.048 DEBUG [main] org.lenskit.data.dao.file.TextEntitySource: ratings: reading entities of type EntityType[rating]
12:00:35.084 DEBUG [main] org.lenskit.data.dao.file.TextEntitySource: class org.lenskit.data.ratings.RatingBuilder: using entity builder {}
12:00:35.084 DEBUG [main] org.lenskit.data.dao.file.TextEntitySource: loading source movies with base URI file:/Users/ritiztambi/Downloads/uu-assignment/data/movielens.yml
12:00:35.084 DEBUG [main] org.lenskit.data.dao.file.TextEntitySource: resolved file URI: file:/Users/ritiztambi/Downloads/uu-assignment/data/movies.csv
12:00:35.084 INFO [main] org.lenskit.data.dao.file.TextEntitySource: loading text file source movies to read from file:/Users/ritiztambi/Downloads/uu-assignment/data/movies.csv
12:00:35.085 DEBUG [main] org.lenskit.data.dao.file.TextEntitySource: movies: using delimiter ,
12:00:35.085 DEBUG [main] org.lenskit.data.dao.file.TextEntitySource: movies: reading header
12:00:35.085 DEBUG [main] org.lenskit.data.dao.file.TextEntitySource: movies: reading entities of type EntityType[item]
12:00:35.085 DEBUG [main] org.lenskit.data.dao.file.TextEntitySource: class org.lenskit.data.entities.BasicEntityBuilder: using entity builder {}
12:00:35.085 DEBUG [main] org.lenskit.data.dao.file.TextEntitySource: loading source tags with base URI file:/Users/ritiztambi/Downloads/uu-assignment/data/movielens.yml
12:00:35.085 DEBUG [main] org.lenskit.data.dao.file.TextEntitySource: resolved file URI: file:/Users/ritiztambi/Downloads/uu-assignment/data/tags.csv
12:00:35.085 INFO [main] org.lenskit.data.dao.file.TextEntitySource: loading text file source tags to read from file:/Users/ritiztambi/Downloads/uu-assignment/data/tags.csv
12:00:35.086 DEBUG [main] org.lenskit.data.dao.file.TextEntitySource: tags: using delimiter ,
12:00:35.086 DEBUG [main] org.lenskit.data.dao.file.TextEntitySource: tags: reading header
12:00:35.086 DEBUG [main] org.lenskit.data.dao.file.TextEntitySource: tags: reading entities of type EntityType[item-tag]
12:00:35.086 DEBUG [main] org.lenskit.data.dao.file.TextEntitySource: class org.lenskit.data.entities.BasicEntityBuilder: using entity builder {}
12:00:35.090 DEBUG [main] org.lenskit.LenskitRecommenderEngineBuilder: building graph from 3 configurations
12:00:35.176 DEBUG [main] org.lenskit.inject.RecommenderInstantiator: replacing nodes in graph with 17 nodes
12:00:35.178 DEBUG [main] org.lenskit.inject.RecommenderInstantiator: found 6 shared nodes
12:00:36.078 INFO [main] org.lenskit.data.dao.file.StaticDataSource: deriving entity type EntityType[user] from EntityType[rating] (column TypedName[user: long])
12:00:36.165 INFO [main] org.lenskit.data.dao.file.StaticDataSource: deriving entity type EntityType[item] from EntityType[rating] (column TypedName[item: long])
12:00:36.262 DEBUG [main] org.lenskit.data.entities.EntityCollectionBuilder: built collection of 2500 entities with type EntityType[item] and 2 indexes
12:00:36.285 DEBUG [main] org.lenskit.data.entities.EntityCollectionBuilder: built collection of 264505 entities with type EntityType[rating] and 2 indexes
12:00:36.297 DEBUG [main] org.lenskit.data.entities.EntityCollectionBuilder: built collection of 94875 entities with type EntityType[item-tag] and 2 indexes
12:00:36.297 DEBUG [main] org.lenskit.data.entities.EntityCollectionBuilder: built collection of 862 entities with type EntityType[user] and 2 indexes
12:00:36.344 INFO [main] org.lenskit.data.ratings.RatingSummaryProvider: summarized 2500 items with 264505 ratings
12:00:36.373 DEBUG [main] org.lenskit.inject.RecommenderInstantiator: final graph has 17 nodes
12:00:36.374 INFO [main] org.lenskit.cli.util.RecommenderLoader: built recommender in 1.284 s
12:00:36.380 INFO [main] org.lenskit.cli.commands.Recommend: recommending for 1 users
12:00:36.384 DEBUG [main] org.lenskit.basic.TopNItemRecommender: computing effective candidates for user 320 from 2500 candidates and 62 excluded items
12:00:36.385 DEBUG [main] org.lenskit.basic.TopNItemRecommender: Computing -1 recommendations for user 320 from 2438 candidates
12:00:41.799 DEBUG [main] org.lenskit.basic.TopNItemRecommender: computing effective candidates for user 320 from 2500 candidates and 62 excluded items
12:00:41.799 DEBUG [main] org.lenskit.basic.TopNItemRecommender: Computing -1 recommendations for user 320 from 2438 candidates
12:00:41.802 DEBUG [main] org.lenskit.hybrid.RankBlendingItemRecommender: recommending for user 10 with 2438 left and 2438 right recommendations
12:00:41.816 INFO [main] org.lenskit.cli.commands.Recommend: recommended for 1 users in 5.436 s
12:00:41.817 INFO [main] org.lenskit.cli.Main: If you use LensKit in published research, please see http://lenskit.org/research/
